<?xml version="1.0" encoding="UTF-8"?>
<!-- Generated by org.testng.reporters.JUnitReportReporter -->
<testsuite skipped="0" hostname="Venkatramanas-MacBook-Air.local" name="com.walmart.ecom.ui.tests.ToysSectionTests" tests="3" failures="0" timestamp="14 Jan 2019 04:22:10 GMT" time="70.829" errors="0">
  <testcase name="verifyProductDetails" time="23.917" classname="com.walmart.ecom.ui.tests.ToysSectionTests"/>
  <testcase name="verifyProductDetails" time="21.933" classname="com.walmart.ecom.ui.tests.ToysSectionTests"/>
  <testcase name="verifyItemsDisplayedByPrice" time="24.979" classname="com.walmart.ecom.ui.tests.ToysSectionTests"/>
</testsuite> <!-- com.walmart.ecom.ui.tests.ToysSectionTests -->
