<?xml version="1.0" encoding="UTF-8"?>
<!-- Generated by org.testng.reporters.JUnitReportReporter -->
<testsuite skipped="0" hostname="Venkatramanas-MacBook-Air.local" name="com.walmart.ecom.ui.tests.ToysSectionTests" tests="1" failures="0" timestamp="14 Jan 2019 03:59:56 GMT" time="24.792" errors="0">
  <testcase name="verifyItemsDisplayedByPrice" time="24.792" classname="com.walmart.ecom.ui.tests.ToysSectionTests"/>
</testsuite> <!-- com.walmart.ecom.ui.tests.ToysSectionTests -->
